justgrimes/build/outputs/logs/manifest-merger-debug-report.txt
-- Merging decision tree log ---
manifest
ADDED from src/main/AndroidManifest.xml:1:1-54:12
	package
		ADDED from src/main/AndroidManifest.xml:2:5-37
		INJECTED from src/main/AndroidManifest.xml
		INJECTED from src/main/AndroidManifest.xml
	android:versionName
		ADDED from src/main/AndroidManifest.xml:4:5-30
		INJECTED from src/main/AndroidManifest.xml
		INJECTED from src/main/AndroidManifest.xml
	android:versionCode
		ADDED from src/main/AndroidManifest.xml:3:5-28
		INJECTED from src/main/AndroidManifest.xml
		INJECTED from src/main/AndroidManifest.xml
	xmlns:android
		ADDED from src/main/AndroidManifest.xml:1:11-69
uses-sdk
ADDED from src/main/AndroidManifest.xml:6:5-8:41
MERGED from [com.android.support:support-v4:23.4.0] AndroidManifest.xml:20:5-43
	android:targetSdkVersion
		ADDED from src/main/AndroidManifest.xml:8:9-38
		INJECTED from src/main/AndroidManifest.xml
		INJECTED from src/main/AndroidManifest.xml
	android:minSdkVersion
		ADDED from src/main/AndroidManifest.xml:7:9-34
		INJECTED from src/main/AndroidManifest.xml
		INJECTED from src/main/AndroidManifest.xml
uses-permission#android.permission.CALL_PHONE
ADDED from src/main/AndroidManifest.xml:10:5-69
	android:name
		ADDED from src/main/AndroidManifest.xml:10:22-66
uses-permission#android.permission.SET_WALLPAPER
ADDED from src/main/AndroidManifest.xml:11:5-72
	android:name
		ADDED from src/main/AndroidManifest.xml:11:22-69
supports-screens
ADDED from src/main/AndroidManifest.xml:13:5-18:8
	android:largeScreens
		ADDED from src/main/AndroidManifest.xml:16:6-33
	android:smallScreens
		ADDED from src/main/AndroidManifest.xml:14:6-33
	android:normalScreens
		ADDED from src/main/AndroidManifest.xml:15:6-34
	android:anyDensity
		ADDED from src/main/AndroidManifest.xml:17:6-31
application
ADDED from src/main/AndroidManifest.xml:20:5-52:19
MERGED from [com.android.support:support-v4:23.4.0] AndroidManifest.xml:22:5-20
	android:label
		ADDED from src/main/AndroidManifest.xml:23:9-41
	android:hardwareAccelerated
		ADDED from src/main/AndroidManifest.xml:25:9-43
	android:allowBackup
		ADDED from src/main/AndroidManifest.xml:21:9-35
	android:icon
		ADDED from src/main/AndroidManifest.xml:22:9-45
	android:theme
		ADDED from src/main/AndroidManifest.xml:24:9-55
activity#com.justgrimes.android.MainActivity
ADDED from src/main/AndroidManifest.xml:28:9-39:20
	android:label
		ADDED from src/main/AndroidManifest.xml:29:13-45
	android:icon
		ADDED from src/main/AndroidManifest.xml:30:13-49
	android:taskAffinity
		ADDED from src/main/AndroidManifest.xml:31:13-73
	android:name
		ADDED from src/main/AndroidManifest.xml:28:19-47
intent-filter#android.intent.action.MAIN+android.intent.category.DEFAULT+android.intent.category.LAUNCHER
ADDED from src/main/AndroidManifest.xml:33:13-38:29
action#android.intent.action.MAIN
ADDED from src/main/AndroidManifest.xml:34:17-69
	android:name
		ADDED from src/main/AndroidManifest.xml:34:25-66
category#android.intent.category.LAUNCHER
ADDED from src/main/AndroidManifest.xml:35:17-77
	android:name
		ADDED from src/main/AndroidManifest.xml:35:27-74
category#android.intent.category.DEFAULT
ADDED from src/main/AndroidManifest.xml:37:17-76
	android:name
		ADDED from src/main/AndroidManifest.xml:37:27-73
activity#com.justgrimes.android.SetWallpaper
ADDED from src/main/AndroidManifest.xml:41:9-50:20
	android:label
		ADDED from src/main/AndroidManifest.xml:42:13-51
	android:icon
		ADDED from src/main/AndroidManifest.xml:43:13-50
	android:taskAffinity
		ADDED from src/main/AndroidManifest.xml:44:13-73
	android:name
		ADDED from src/main/AndroidManifest.xml:41:19-47
intent-filter#android.intent.action.MAIN+android.intent.category.LAUNCHER
ADDED from src/main/AndroidManifest.xml:46:13-49:29